<?xml version="1.0" encoding="UTF-8"?>
<!-- Generated by org.testng.reporters.JUnitXMLReporter -->
<testsuite ignored="0" hostname="DESKTOP-490UP6C" failures="0" tests="3" name="Default test" time="107.712" errors="0" timestamp="2024-05-15T14:39:07 BST">
  <testcase classname="test.TestLoginWithCreds" name="test_Invalid_Creds" time="9.536"/>
  <testcase classname="test.TestLoginWithCreds" name="test_Invalid_Email" time="10.292"/>
  <testcase classname="test.TestLoginWithCreds" name="test_Valid_Creds" time="28.102"/>
</testsuite> <!-- Default test -->
