<?xml version="1.0" encoding="UTF-8"?>
<testng-results ignored="0" total="3" passed="3" failed="0" skipped="0">
  <reporter-output>
  </reporter-output>
  <suite started-at="2024-05-15T14:37:19 BST" name="Default suite" finished-at="2024-05-15T14:39:07 BST" duration-ms="107712">
    <groups>
    </groups>
    <test started-at="2024-05-15T14:37:19 BST" name="Default test" finished-at="2024-05-15T14:39:07 BST" duration-ms="107712">
      <class name="test.TestLoginWithCreds">
        <test-method is-config="true" signature="reportSetUp()[pri:0, instance:test.TestLoginWithCreds@2ddc9a9f]" started-at="2024-05-15T14:37:19 BST" name="reportSetUp" finished-at="2024-05-15T14:37:19 BST" duration-ms="308" status="PASS">
          <reporter-output>
          </reporter-output>
        </test-method> <!-- reportSetUp -->
        <test-method is-config="true" signature="beforeTest()[pri:0, instance:test.TestLoginWithCreds@2ddc9a9f]" started-at="2024-05-15T14:37:19 BST" name="beforeTest" finished-at="2024-05-15T14:37:19 BST" duration-ms="1" status="PASS">
          <reporter-output>
          </reporter-output>
        </test-method> <!-- beforeTest -->
        <test-method is-config="true" signature="before()[pri:0, instance:test.TestLoginWithCreds@2ddc9a9f]" started-at="2024-05-15T14:37:19 BST" name="before" finished-at="2024-05-15T14:37:39 BST" duration-ms="20165" status="PASS">
          <reporter-output>
          </reporter-output>
        </test-method> <!-- before -->
        <test-method signature="test_Invalid_Creds()[pri:0, instance:test.TestLoginWithCreds@2ddc9a9f]" started-at="2024-05-15T14:37:39 BST" name="test_Invalid_Creds" finished-at="2024-05-15T14:37:49 BST" duration-ms="9536" status="PASS">
          <reporter-output>
          </reporter-output>
        </test-method> <!-- test_Invalid_Creds -->
        <test-method is-config="true" signature="afterTest()[pri:0, instance:test.TestLoginWithCreds@2ddc9a9f]" started-at="2024-05-15T14:37:49 BST" name="afterTest" finished-at="2024-05-15T14:37:49 BST" duration-ms="382" status="PASS">
          <reporter-output>
          </reporter-output>
        </test-method> <!-- afterTest -->
        <test-method is-config="true" signature="before()[pri:0, instance:test.TestLoginWithCreds@2ddc9a9f]" started-at="2024-05-15T14:37:49 BST" name="before" finished-at="2024-05-15T14:38:09 BST" duration-ms="19425" status="PASS">
          <reporter-output>
          </reporter-output>
        </test-method> <!-- before -->
        <test-method signature="test_Invalid_Email()[pri:0, instance:test.TestLoginWithCreds@2ddc9a9f]" started-at="2024-05-15T14:38:09 BST" name="test_Invalid_Email" finished-at="2024-05-15T14:38:19 BST" duration-ms="10292" status="PASS">
          <reporter-output>
          </reporter-output>
        </test-method> <!-- test_Invalid_Email -->
        <test-method is-config="true" signature="afterTest()[pri:0, instance:test.TestLoginWithCreds@2ddc9a9f]" started-at="2024-05-15T14:38:19 BST" name="afterTest" finished-at="2024-05-15T14:38:19 BST" duration-ms="273" status="PASS">
          <reporter-output>
          </reporter-output>
        </test-method> <!-- afterTest -->
        <test-method is-config="true" signature="before()[pri:0, instance:test.TestLoginWithCreds@2ddc9a9f]" started-at="2024-05-15T14:38:19 BST" name="before" finished-at="2024-05-15T14:38:38 BST" duration-ms="19047" status="PASS">
          <reporter-output>
          </reporter-output>
        </test-method> <!-- before -->
        <test-method signature="test_Valid_Creds()[pri:0, instance:test.TestLoginWithCreds@2ddc9a9f]" started-at="2024-05-15T14:38:38 BST" name="test_Valid_Creds" finished-at="2024-05-15T14:39:06 BST" duration-ms="28102" status="PASS">
          <reporter-output>
          </reporter-output>
        </test-method> <!-- test_Valid_Creds -->
        <test-method is-config="true" signature="afterTest()[pri:0, instance:test.TestLoginWithCreds@2ddc9a9f]" started-at="2024-05-15T14:39:06 BST" name="afterTest" finished-at="2024-05-15T14:39:07 BST" duration-ms="454" status="PASS">
          <reporter-output>
          </reporter-output>
        </test-method> <!-- afterTest -->
        <test-method is-config="true" signature="reportTearDown()[pri:0, instance:test.TestLoginWithCreds@2ddc9a9f]" started-at="2024-05-15T14:39:07 BST" name="reportTearDown" finished-at="2024-05-15T14:39:07 BST" duration-ms="477" status="PASS">
          <reporter-output>
          </reporter-output>
        </test-method> <!-- reportTearDown -->
      </class> <!-- test.TestLoginWithCreds -->
    </test> <!-- Default test -->
  </suite> <!-- Default suite -->
</testng-results>
